<?xml version="1.0" encoding="UTF-8"?>
<!-- Generated by org.testng.reporters.JUnitXMLReporter -->
<testsuite hostname="SHREEYA-MALHAR" ignored="0" name="Default test" tests="1" failures="0" timestamp="02 Dec 2017 05:09:02 GMT" time="0.136" errors="0">
  <testcase name="@BeforeClass abc" time="0.0" classname="com.nikhil.MavenOne.Tracko">
    <failure type="org.testng.TestNGException" message="
Parameter &amp;apos;browsertest&amp;apos; is required by BeforeClass on method abc but has not been marked @Optional or defined
in C:\Users\MALHAR-SHREEYA\AppData\Local\Temp\testng-eclipse-1516992693\testng-customsuite.xml">
      <![CDATA[org.testng.TestNGException: 
Parameter 'browsertest' is required by BeforeClass on method abc but has not been marked @Optional or defined
in C:\Users\MALHAR-SHREEYA\AppData\Local\Temp\testng-eclipse-1516992693\testng-customsuite.xml
	at org.testng.internal.Parameters.createParams(Parameters.java:248)
	at org.testng.internal.Parameters.createParametersForMethod(Parameters.java:286)
	at org.testng.internal.Parameters.createParameters(Parameters.java:547)
	at org.testng.internal.Parameters.createConfigurationParameters(Parameters.java:150)
	at org.testng.internal.Invoker.invokeConfigurations(Invoker.java:206)
	at org.testng.internal.Invoker.invokeConfigurations(Invoker.java:146)
	at org.testng.internal.TestMethodWorker.invokeBeforeClassMethods(TestMethodWorker.java:165)
	at org.testng.internal.TestMethodWorker.run(TestMethodWorker.java:105)
	at org.testng.TestRunner.privateRun(TestRunner.java:776)
	at org.testng.TestRunner.run(TestRunner.java:634)
	at org.testng.SuiteRunner.runTest(SuiteRunner.java:425)
	at org.testng.SuiteRunner.runSequentially(SuiteRunner.java:420)
	at org.testng.SuiteRunner.privateRun(SuiteRunner.java:385)
	at org.testng.SuiteRunner.run(SuiteRunner.java:334)
	at org.testng.SuiteRunnerWorker.runSuite(SuiteRunnerWorker.java:52)
	at org.testng.SuiteRunnerWorker.run(SuiteRunnerWorker.java:86)
	at org.testng.TestNG.runSuitesSequentially(TestNG.java:1318)
	at org.testng.TestNG.runSuitesLocally(TestNG.java:1243)
	at org.testng.TestNG.runSuites(TestNG.java:1161)
	at org.testng.TestNG.run(TestNG.java:1129)
	at org.testng.remote.AbstractRemoteTestNG.run(AbstractRemoteTestNG.java:114)
	at org.testng.remote.RemoteTestNG.initAndRun(RemoteTestNG.java:251)
	at org.testng.remote.RemoteTestNG.main(RemoteTestNG.java:77)
]]>
    </failure>
  </testcase> <!-- @BeforeClass abc -->
  <testcase name="@AfterClass afterClass" time="0.0" classname="com.nikhil.MavenOne.Tracko">
    <skipped/>
  </testcase> <!-- @AfterClass afterClass -->
  <testcase name="f" time="0.0" classname="com.nikhil.MavenOne.Tracko">
    <skipped/>
  </testcase> <!-- f -->
</testsuite> <!-- Default test -->
