<?xml version="1.0" encoding="UTF-8"?>
<testng-results skipped="1" failed="0" ignored="0" total="1" passed="0">
  <reporter-output>
  </reporter-output>
  <suite name="Default suite" duration-ms="136" started-at="2017-12-02T05:09:02Z" finished-at="2017-12-02T05:09:02Z">
    <groups>
    </groups>
    <test name="Default test" duration-ms="136" started-at="2017-12-02T05:09:02Z" finished-at="2017-12-02T05:09:02Z">
      <class name="com.nikhil.MavenOne.Tracko">
        <test-method status="FAIL" signature="abc(java.lang.String)[pri:0, instance:com.nikhil.MavenOne.Tracko@42a311]" name="abc" is-config="true" duration-ms="0" started-at="2017-12-02T10:39:02Z" finished-at="2017-12-02T10:39:02Z">
          <exception class="org.testng.TestNGException">
            <message>
              <![CDATA[
Parameter 'browsertest' is required by BeforeClass on method abc but has not been marked @Optional or defined
in C:\Users\MALHAR-SHREEYA\AppData\Local\Temp\testng-eclipse-1516992693\testng-customsuite.xml]]>
            </message>
            <full-stacktrace>
              <![CDATA[org.testng.TestNGException: 
Parameter 'browsertest' is required by BeforeClass on method abc but has not been marked @Optional or defined
in C:\Users\MALHAR-SHREEYA\AppData\Local\Temp\testng-eclipse-1516992693\testng-customsuite.xml
	at org.testng.internal.Parameters.createParams(Parameters.java:248)
	at org.testng.internal.Parameters.createParametersForMethod(Parameters.java:286)
	at org.testng.internal.Parameters.createParameters(Parameters.java:547)
	at org.testng.internal.Parameters.createConfigurationParameters(Parameters.java:150)
	at org.testng.internal.Invoker.invokeConfigurations(Invoker.java:206)
	at org.testng.internal.Invoker.invokeConfigurations(Invoker.java:146)
	at org.testng.internal.TestMethodWorker.invokeBeforeClassMethods(TestMethodWorker.java:165)
	at org.testng.internal.TestMethodWorker.run(TestMethodWorker.java:105)
	at org.testng.TestRunner.privateRun(TestRunner.java:776)
	at org.testng.TestRunner.run(TestRunner.java:634)
	at org.testng.SuiteRunner.runTest(SuiteRunner.java:425)
	at org.testng.SuiteRunner.runSequentially(SuiteRunner.java:420)
	at org.testng.SuiteRunner.privateRun(SuiteRunner.java:385)
	at org.testng.SuiteRunner.run(SuiteRunner.java:334)
	at org.testng.SuiteRunnerWorker.runSuite(SuiteRunnerWorker.java:52)
	at org.testng.SuiteRunnerWorker.run(SuiteRunnerWorker.java:86)
	at org.testng.TestNG.runSuitesSequentially(TestNG.java:1318)
	at org.testng.TestNG.runSuitesLocally(TestNG.java:1243)
	at org.testng.TestNG.runSuites(TestNG.java:1161)
	at org.testng.TestNG.run(TestNG.java:1129)
	at org.testng.remote.AbstractRemoteTestNG.run(AbstractRemoteTestNG.java:114)
	at org.testng.remote.RemoteTestNG.initAndRun(RemoteTestNG.java:251)
	at org.testng.remote.RemoteTestNG.main(RemoteTestNG.java:77)
]]>
            </full-stacktrace>
          </exception> <!-- org.testng.TestNGException -->
          <reporter-output>
          </reporter-output>
        </test-method> <!-- abc -->
        <test-method status="SKIP" signature="f()[pri:0, instance:com.nikhil.MavenOne.Tracko@42a311]" name="f" duration-ms="0" started-at="2017-12-02T10:39:02Z" finished-at="2017-12-02T10:39:02Z">
          <exception class="org.testng.TestNGException">
            <message>
              <![CDATA[
Parameter 'browsertest' is required by BeforeClass on method abc but has not been marked @Optional or defined
in C:\Users\MALHAR-SHREEYA\AppData\Local\Temp\testng-eclipse-1516992693\testng-customsuite.xml]]>
            </message>
            <full-stacktrace>
              <![CDATA[org.testng.TestNGException: 
Parameter 'browsertest' is required by BeforeClass on method abc but has not been marked @Optional or defined
in C:\Users\MALHAR-SHREEYA\AppData\Local\Temp\testng-eclipse-1516992693\testng-customsuite.xml
	at org.testng.internal.Parameters.createParams(Parameters.java:248)
	at org.testng.internal.Parameters.createParametersForMethod(Parameters.java:286)
	at org.testng.internal.Parameters.createParameters(Parameters.java:547)
	at org.testng.internal.Parameters.createConfigurationParameters(Parameters.java:150)
	at org.testng.internal.Invoker.invokeConfigurations(Invoker.java:206)
	at org.testng.internal.Invoker.invokeConfigurations(Invoker.java:146)
	at org.testng.internal.TestMethodWorker.invokeBeforeClassMethods(TestMethodWorker.java:165)
	at org.testng.internal.TestMethodWorker.run(TestMethodWorker.java:105)
	at org.testng.TestRunner.privateRun(TestRunner.java:776)
	at org.testng.TestRunner.run(TestRunner.java:634)
	at org.testng.SuiteRunner.runTest(SuiteRunner.java:425)
	at org.testng.SuiteRunner.runSequentially(SuiteRunner.java:420)
	at org.testng.SuiteRunner.privateRun(SuiteRunner.java:385)
	at org.testng.SuiteRunner.run(SuiteRunner.java:334)
	at org.testng.SuiteRunnerWorker.runSuite(SuiteRunnerWorker.java:52)
	at org.testng.SuiteRunnerWorker.run(SuiteRunnerWorker.java:86)
	at org.testng.TestNG.runSuitesSequentially(TestNG.java:1318)
	at org.testng.TestNG.runSuitesLocally(TestNG.java:1243)
	at org.testng.TestNG.runSuites(TestNG.java:1161)
	at org.testng.TestNG.run(TestNG.java:1129)
	at org.testng.remote.AbstractRemoteTestNG.run(AbstractRemoteTestNG.java:114)
	at org.testng.remote.RemoteTestNG.initAndRun(RemoteTestNG.java:251)
	at org.testng.remote.RemoteTestNG.main(RemoteTestNG.java:77)
]]>
            </full-stacktrace>
          </exception> <!-- org.testng.TestNGException -->
          <reporter-output>
          </reporter-output>
        </test-method> <!-- f -->
        <test-method status="SKIP" signature="afterClass()[pri:0, instance:com.nikhil.MavenOne.Tracko@42a311]" name="afterClass" is-config="true" duration-ms="0" started-at="2017-12-02T10:39:02Z" finished-at="2017-12-02T10:39:02Z">
          <reporter-output>
          </reporter-output>
        </test-method> <!-- afterClass -->
      </class> <!-- com.nikhil.MavenOne.Tracko -->
    </test> <!-- Default test -->
  </suite> <!-- Default suite -->
</testng-results>
