<?xml version="1.0" encoding="UTF-8"?>
<!-- Generated by org.testng.reporters.JUnitReportReporter -->
<testsuite skipped="1" hostname="SHREEYA-MALHAR" name="com.nikhil.MavenOne.Tracko" tests="2" failures="0" timestamp="02 Dec 2017 05:09:03 GMT" time="0.000" errors="1">
  <testcase name="abc" time="0.000" classname="com.nikhil.MavenOne.Tracko">
    <error type="org.testng.TestNGException" message="
Parameter &#039;browsertest&#039; is required by BeforeClass on method abc but has not been marked @Optional or defined
in C:\Users\MALHAR-SHREEYA\AppData\Local\Temp\testng-eclipse-1516992693\testng-customsuite.xml">
      <![CDATA[org.testng.TestNGException: 
Parameter 'browsertest' is required by BeforeClass on method abc but has not been marked @Optional or defined
in C:\Users\MALHAR-SHREEYA\AppData\Local\Temp\testng-eclipse-1516992693\testng-customsuite.xml
	at org.testng.internal.Parameters.createParams(Parameters.java:248)
	at org.testng.internal.Parameters.createParametersForMethod(Parameters.java:286)
	at org.testng.internal.Parameters.createParameters(Parameters.java:547)
	at org.testng.internal.Parameters.createConfigurationParameters(Parameters.java:150)
	at org.testng.internal.Invoker.invokeConfigurations(Invoker.java:206)
	at org.testng.internal.Invoker.invokeConfigurations(Invoker.java:146)
	at org.testng.internal.TestMethodWorker.invokeBeforeClassMethods(TestMethodWorker.java:165)
	at org.testng.internal.TestMethodWorker.run(TestMethodWorker.java:105)
	at org.testng.TestRunner.privateRun(TestRunner.java:776)
	at org.testng.TestRunner.run(TestRunner.java:634)
	at org.testng.SuiteRunner.runTest(SuiteRunner.java:425)
	at org.testng.SuiteRunner.runSequentially(SuiteRunner.java:420)
	at org.testng.SuiteRunner.privateRun(SuiteRunner.java:385)
	at org.testng.SuiteRunner.run(SuiteRunner.java:334)
	at org.testng.SuiteRunnerWorker.runSuite(SuiteRunnerWorker.java:52)
	at org.testng.SuiteRunnerWorker.run(SuiteRunnerWorker.java:86)
	at org.testng.TestNG.runSuitesSequentially(TestNG.java:1318)
	at org.testng.TestNG.runSuitesLocally(TestNG.java:1243)
	at org.testng.TestNG.runSuites(TestNG.java:1161)
	at org.testng.TestNG.run(TestNG.java:1129)
	at org.testng.remote.AbstractRemoteTestNG.run(AbstractRemoteTestNG.java:114)
	at org.testng.remote.RemoteTestNG.initAndRun(RemoteTestNG.java:251)
	at org.testng.remote.RemoteTestNG.main(RemoteTestNG.java:77)
]]>
    </error>
  </testcase> <!-- abc -->
  <testcase name="f" time="0.000" classname="com.nikhil.MavenOne.Tracko">
    <skipped/>
  </testcase> <!-- f -->
</testsuite> <!-- com.nikhil.MavenOne.Tracko -->
